Determining if the pthread_create exist failed with the following output:
Change Dir: /root/CLionProjects/lineMatch/cmake-build-debug/CMakeFiles/CMakeTmp

Run Build Command:"/usr/bin/make" "cmTC_c1726/fast"
/usr/bin/make -f CMakeFiles/cmTC_c1726.dir/build.make CMakeFiles/cmTC_c1726.dir/build
make[1]: Entering directory '/root/CLionProjects/lineMatch/cmake-build-debug/CMakeFiles/CMakeTmp'
Building C object CMakeFiles/cmTC_c1726.dir/CheckSymbolExists.c.o
/usr/bin/cc   -fPIC    -o CMakeFiles/cmTC_c1726.dir/CheckSymbolExists.c.o   -c /root/CLionProjects/lineMatch/cmake-build-debug/CMakeFiles/CMakeTmp/CheckSymbolExists.c
Linking C executable cmTC_c1726
/root/programs/clion-2018.2/bin/cmake/linux/bin/cmake -E cmake_link_script CMakeFiles/cmTC_c1726.dir/link.txt --verbose=1
/usr/bin/cc -fPIC     CMakeFiles/cmTC_c1726.dir/CheckSymbolExists.c.o  -o cmTC_c1726 
CMakeFiles/cmTC_c1726.dir/CheckSymbolExists.c.o：在函数‘main’中：
CheckSymbolExists.c:(.text+0x1b)：对‘pthread_create’未定义的引用
collect2: error: ld returned 1 exit status
CMakeFiles/cmTC_c1726.dir/build.make:86: recipe for target 'cmTC_c1726' failed
make[1]: *** [cmTC_c1726] Error 1
make[1]: Leaving directory '/root/CLionProjects/lineMatch/cmake-build-debug/CMakeFiles/CMakeTmp'
Makefile:121: recipe for target 'cmTC_c1726/fast' failed
make: *** [cmTC_c1726/fast] Error 2

File /root/CLionProjects/lineMatch/cmake-build-debug/CMakeFiles/CMakeTmp/CheckSymbolExists.c:
/* */
#include <pthread.h>

int main(int argc, char** argv)
{
  (void)argv;
#ifndef pthread_create
  return ((int*)(&pthread_create))[argc];
#else
  (void)argc;
  return 0;
#endif
}

Determining if the function pthread_create exists in the pthreads failed with the following output:
Change Dir: /root/CLionProjects/lineMatch/cmake-build-debug/CMakeFiles/CMakeTmp

Run Build Command:"/usr/bin/make" "cmTC_6cd97/fast"
/usr/bin/make -f CMakeFiles/cmTC_6cd97.dir/build.make CMakeFiles/cmTC_6cd97.dir/build
make[1]: Entering directory '/root/CLionProjects/lineMatch/cmake-build-debug/CMakeFiles/CMakeTmp'
Building C object CMakeFiles/cmTC_6cd97.dir/CheckFunctionExists.c.o
/usr/bin/cc   -fPIC -DCHECK_FUNCTION_EXISTS=pthread_create   -o CMakeFiles/cmTC_6cd97.dir/CheckFunctionExists.c.o   -c /root/programs/clion-2018.2/bin/cmake/linux/share/cmake-3.12/Modules/CheckFunctionExists.c
Linking C executable cmTC_6cd97
/root/programs/clion-2018.2/bin/cmake/linux/bin/cmake -E cmake_link_script CMakeFiles/cmTC_6cd97.dir/link.txt --verbose=1
/usr/bin/cc -fPIC -DCHECK_FUNCTION_EXISTS=pthread_create    CMakeFiles/cmTC_6cd97.dir/CheckFunctionExists.c.o  -o cmTC_6cd97 -lpthreads 
/usr/bin/ld: 找不到 -lpthreads
collect2: error: ld returned 1 exit status
CMakeFiles/cmTC_6cd97.dir/build.make:86: recipe for target 'cmTC_6cd97' failed
make[1]: *** [cmTC_6cd97] Error 1
make[1]: Leaving directory '/root/CLionProjects/lineMatch/cmake-build-debug/CMakeFiles/CMakeTmp'
Makefile:121: recipe for target 'cmTC_6cd97/fast' failed
make: *** [cmTC_6cd97/fast] Error 2


